This is pdfTeX, Version 3.14159265-2.6-1.40.16 (TeX Live 2015/Debian) (preloaded format=pdflatex 2017.1.4)  26 JUN 2017 11:10
entering extended mode
 restricted \write18 enabled.
 %&-line parsing enabled.
**title.tex
(./title.tex
LaTeX2e <2016/02/01>
Babel <3.9q> and hyphenation patterns for 4 language(s) loaded.

! LaTeX Error: Environment titlepage undefined.

See the LaTeX manual or LaTeX Companion for explanation.
Type  H <return>  for immediate help.
 ...                                              
                                                  
l.1 \begin{titlepage}
                     
Your command was ignored.
Type  I <command> <return>  to replace it with another command,
or  <return>  to continue without it.


! LaTeX Error: Missing \begin{document}.

See the LaTeX manual or LaTeX Companion for explanation.
Type  H <return>  for immediate help.
 ...                                              
                                                  
l.2 	\begin{center}
                   
You're in trouble here.  Try typing  <return>  to proceed.
If that doesn't work, type  X <return>  to quit.


Overfull \hbox (20.0pt too wide) in paragraph at lines 2--2
[] 
 []

! Undefined control sequence.
l.7 		\includegraphics
                      {./logo}
The control sequence at the end of the top line
of your error message was never \def'ed. If you have
misspelled it (e.g., `\hobx'), type `I' and the correct
spelling (e.g., `I\hbox'). Otherwise just continue,
and I'll forget about whatever was undefined.

Missing character: There is no . in font nullfont!
Missing character: There is no / in font nullfont!
Missing character: There is no l in font nullfont!
Missing character: There is no o in font nullfont!
Missing character: There is no g in font nullfont!
Missing character: There is no o in font nullfont!
! Undefined control sequence.
<recently read> \Large 
                       
l.13 ...sc{\Large Algoritmia e Estrutura de Dados}
                                                  \\[1.5cm]
The control sequence at the end of the top line
of your error message was never \def'ed. If you have
misspelled it (e.g., `\hobx'), type `I' and the correct
spelling (e.g., `I\hbox'). Otherwise just continue,
and I'll forget about whatever was undefined.


Overfull \hbox (57.61633pt too wide) in paragraph at lines 13--13
 []\OT1/cmr/m/sc/10 Algoritmia 
 []


Overfull \hbox (5.57774pt too wide) in paragraph at lines 13--13
 \OT1/cmr/m/sc/10 e 
 []


Overfull \hbox (15.77208pt too wide) in paragraph at lines 13--13
 \OT1/cmr/m/sc/10 Es- 
 []


Overfull \hbox (21.6221pt too wide) in paragraph at lines 13--13
 \OT1/cmr/m/sc/10 tru- 
 []


Overfull \hbox (24.1999pt too wide) in paragraph at lines 13--13
 \OT1/cmr/m/sc/10 tura 
 []


Overfull \hbox (11.82217pt too wide) in paragraph at lines 13--13
 \OT1/cmr/m/sc/10 de 
 []


Overfull \hbox (17.91098pt too wide) in paragraph at lines 13--13
 \OT1/cmr/m/sc/10 Da- 
 []


Overfull \hbox (17.17772pt too wide) in paragraph at lines 13--13
 \OT1/cmr/m/sc/10 dos 
 []

! Undefined control sequence.
l.18 		{ \huge
               \bfseries Travel Salesman Problem \\[0.4cm] }
The control sequence at the end of the top line
of your error message was never \def'ed. If you have
misspelled it (e.g., `\hobx'), type `I' and the correct
spelling (e.g., `I\hbox'). Otherwise just continue,
and I'll forget about whatever was undefined.


Overfull \hbox (31.26372pt too wide) in paragraph at lines 18--18
 []\OT1/cmr/bx/n/10 Travel 
 []


Overfull \hbox (28.8137pt too wide) in paragraph at lines 18--18
 \OT1/cmr/bx/n/10 Sales- 
 []


Overfull \hbox (21.56236pt too wide) in paragraph at lines 18--18
 \OT1/cmr/bx/n/10 man 
 []


Overfull \hbox (28.5693pt too wide) in paragraph at lines 18--18
 \OT1/cmr/bx/n/10 Prob- 
 []


Overfull \hbox (18.04852pt too wide) in paragraph at lines 18--18
 \OT1/cmr/bx/n/10 lem 
 []

! Undefined control sequence.
l.26 			\begin{flushleft} \large
                                
The control sequence at the end of the top line
of your error message was never \def'ed. If you have
misspelled it (e.g., `\hobx'), type `I' and the correct
spelling (e.g., `I\hbox'). Otherwise just continue,
and I'll forget about whatever was undefined.

Missing character: There is no P in font nullfont!
Missing character: There is no e in font nullfont!
Missing character: There is no d in font nullfont!
Missing character: There is no r in font nullfont!
Missing character: There is no o in font nullfont!
Missing character: There is no L in font nullfont!
Missing character: There is no e in font nullfont!
Missing character: There is no a in font nullfont!
Missing character: There is no n in font nullfont!
Missing character: There is no d in font nullfont!
Missing character: There is no r in font nullfont!
Missing character: There is no o in font nullfont!
! Undefined control sequence.
l.33 			\begin{flushright} \large
                                 
The control sequence at the end of the top line
of your error message was never \def'ed. If you have
misspelled it (e.g., `\hobx'), type `I' and the correct
spelling (e.g., `I\hbox'). Otherwise just continue,
and I'll forget about whatever was undefined.

Missing character: There is no D in font nullfont!
Missing character: There is no o in font nullfont!
Missing character: There is no u in font nullfont!
Missing character: There is no t in font nullfont!
Missing character: There is no o in font nullfont!
Missing character: There is no r in font nullfont!
Missing character: There is no F in font nullfont!
Missing character: There is no a in font nullfont!
Missing character: There is no r in font nullfont!
Missing character: There is no o in font nullfont!
Missing character: There is no q in font nullfont!

Overfull \hbox (6553.49997pt too wide) in paragraph at lines 25--38
 [][][] 
 []

! Undefined control sequence.
l.42 		{\large
               \today}
The control sequence at the end of the top line
of your error message was never \def'ed. If you have
misspelled it (e.g., `\hobx'), type `I' and the correct
spelling (e.g., `I\hbox'). Otherwise just continue,
and I'll forget about whatever was undefined.

! Undefined control sequence.
l.42 		{\large \today
                     }
The control sequence at the end of the top line
of your error message was never \def'ed. If you have
misspelled it (e.g., `\hobx'), type `I' and the correct
spelling (e.g., `I\hbox'). Otherwise just continue,
and I'll forget about whatever was undefined.


! LaTeX Error: \begin{document} ended by \end{titlepage}.

See the LaTeX manual or LaTeX Companion for explanation.
Type  H <return>  for immediate help.
 ...                                              
                                                  
l.45 \end{titlepage}
                    
Your command was ignored.
Type  I <command> <return>  to replace it with another command,
or  <return>  to continue without it.

)
! Emergency stop.
<*> title.tex
             
*** (job aborted, no legal \end found)

 
Here is how much of TeX's memory you used:
 15 strings out of 494929
 220 string characters out of 6180143
 46758 words of memory out of 5000000
 3408 multiletter control sequences out of 15000+600000
 4595 words of font info for 17 fonts, out of 8000000 for 9000
 16 hyphenation exceptions out of 8191
 14i,3n,10p,86b,227s stack positions out of 5000i,500n,10000p,200000b,80000s
!  ==> Fatal error occurred, no output PDF file produced!
